<?xml version="1.0" encoding="UTF-8"?>
<!-- Generated by org.testng.reporters.JUnitReportReporter -->
<testsuite hostname="Rohit" failures="0" tests="1" name="org.codesy.GmailTest.PersonalInfoTest" time="50.197" errors="0" timestamp="2022-11-07T20:11:43 IST" skipped="0">
  <testcase classname="org.codesy.GmailTest.PersonalInfoTest" name="validateBasicInfo" time="50.197"/>
  <system-out/>
</testsuite> <!-- org.codesy.GmailTest.PersonalInfoTest -->
