<?xml version="1.0" encoding="UTF-8"?>
<!-- Generated by org.testng.reporters.JUnitReportReporter -->
<testsuite hostname="Rohit" failures="0" tests="1" name="org.codesy.GmailTest.GmailLoginTest" time="22.144" errors="0" timestamp="2022-11-01T20:53:16 IST" skipped="0">
  <testcase classname="org.codesy.GmailTest.GmailLoginTest" name="loginNegativeTestCase" time="22.144"/>
  <system-out/>
</testsuite> <!-- org.codesy.GmailTest.GmailLoginTest -->
